<?xml version="1.0" encoding="UTF-8"?>
<!-- Generated by org.testng.reporters.JUnitReportReporter -->
<testsuite skipped="0" hostname="IN-PF2S7XE1" name="MyRunner.TestRunner_Desktop" tests="1" failures="0" timestamp="2021-11-25T19:11:10 IST" time="0.025" errors="0">
  <testcase name="feature" time="0.025" classname="MyRunner.TestRunner_Desktop"/>
</testsuite> <!-- MyRunner.TestRunner_Desktop -->
