<?xml version="1.0" encoding="UTF-8"?>
<!-- Generated by org.testng.reporters.JUnitReportReporter -->
<testsuite hostname="DESKTOP-P9KBR0D" failures="0" tests="1" name="MyRunner.TestRunner" time="192.281" errors="0" timestamp="2023-01-05T09:12:19 IST" skipped="0">
  <testcase classname="MyRunner.TestRunner" name="feature" time="192.281"/>
  <system-out/>
</testsuite> <!-- MyRunner.TestRunner -->
