<?xml version="1.0" encoding="UTF-8"?>
<!-- Generated by org.testng.reporters.JUnitReportReporter -->
<testsuite hostname="DESKTOP-P9KBR0D" failures="0" tests="1" name="MyRunner.TestRunner" time="99.936" errors="0" timestamp="2023-02-09T13:23:18 IST" skipped="0">
  <testcase classname="MyRunner.TestRunner" name="feature" time="99.936"/>
  <system-out/>
</testsuite> <!-- MyRunner.TestRunner -->
